<?xml version="1.0" encoding="UTF-8"?>
<testsuites name="Front-end Jest Tests" tests="44" failures="0" errors="0" time="22.967">
  <testsuite name="array" errors="0" failures="0" skipped="0" timestamp="2022-02-26T04:35:02" time="15.598" tests="3">
    <testcase classname="array firstOrItem returns null if empty array" name="array firstOrItem returns null if empty array" time="0.064">
    </testcase>
    <testcase classname="array firstOrItem returns first item if array with more one item" name="array firstOrItem returns first item if array with more one item" time="0.014">
    </testcase>
    <testcase classname="array firstOrItem returns item if single item" name="array firstOrItem returns item if single item" time="0">
    </testcase>
  </testsuite>
  <testsuite name="ErrorSummary" errors="0" failures="0" skipped="0" timestamp="2022-02-26T04:35:02" time="16.559" tests="1">
    <testcase classname="ErrorSummary renders" name="ErrorSummary renders" time="0.099">
    </testcase>
  </testsuite>
  <testsuite name="FullScreenLoader" errors="0" failures="0" skipped="0" timestamp="2022-02-26T04:35:02" time="17.467" tests="1">
    <testcase classname="FullScreenLoader renders" name="FullScreenLoader renders" time="0.285">
    </testcase>
  </testsuite>
  <testsuite name="Redirect" errors="0" failures="0" skipped="0" timestamp="2022-02-26T04:35:02" time="17.564" tests="1">
    <testcase classname="Redirect performs client-side redirect on render" name="Redirect performs client-side redirect on render" time="0.102">
    </testcase>
  </testsuite>
  <testsuite name="Workspace" errors="0" failures="0" skipped="0" timestamp="2022-02-26T04:35:02" time="17.866" tests="1">
    <testcase classname="Workspace renders" name="Workspace renders" time="0.283">
    </testcase>
  </testsuite>
  <testsuite name="LoadingButton" errors="0" failures="0" skipped="0" timestamp="2022-02-26T04:35:02" time="17.91" tests="2">
    <testcase classname="LoadingButton renders" name="LoadingButton renders" time="0.295">
    </testcase>
    <testcase classname="LoadingButton shows spinner if loading is set to true" name="LoadingButton shows spinner if loading is set to true" time="0.138">
    </testcase>
  </testsuite>
  <testsuite name="EmptyState" errors="0" failures="0" skipped="0" timestamp="2022-02-26T04:35:02" time="18.047" tests="1">
    <testcase classname="EmptyState renders (smoke test)" name="EmptyState renders (smoke test)" time="0.067">
    </testcase>
  </testsuite>
  <testsuite name="PasswordField" errors="0" failures="0" skipped="0" timestamp="2022-02-26T04:35:02" time="18.075" tests="1">
    <testcase classname="PasswordField renders" name="PasswordField renders" time="0.195">
    </testcase>
  </testsuite>
  <testsuite name="FormTextField" errors="0" failures="0" skipped="0" timestamp="2022-02-26T04:35:02" time="18.257" tests="2">
    <testcase classname="FormTextField helperText uses helperText prop when there are no errors" name="FormTextField helperText uses helperText prop when there are no errors" time="0.159">
    </testcase>
    <testcase classname="FormTextField helperText uses validation message when there are errors" name="FormTextField helperText uses validation message when there are errors" time="0.07">
    </testcase>
  </testsuite>
  <testsuite name="CliAuthToken" errors="0" failures="0" skipped="0" timestamp="2022-02-26T04:35:02" time="18.283" tests="1">
    <testcase classname="CliAuthToken renders content" name="CliAuthToken renders content" time="0.241">
    </testcase>
  </testsuite>
  <testsuite name="Icons" errors="0" failures="0" skipped="0" timestamp="2022-02-26T04:35:02" time="18.564" tests="5">
    <testcase classname="Icons rendering icon &quot;CoderIcon&quot;" name="Icons rendering icon &quot;CoderIcon&quot;" time="0.049">
    </testcase>
    <testcase classname="Icons rendering icon &quot;Logo&quot;" name="Icons rendering icon &quot;Logo&quot;" time="0.007">
    </testcase>
    <testcase classname="Icons rendering icon &quot;WorkspacesIcon&quot;" name="Icons rendering icon &quot;WorkspacesIcon&quot;" time="0.007">
    </testcase>
    <testcase classname="Icons rendering icon &quot;FileCopy&quot;" name="Icons rendering icon &quot;FileCopy&quot;" time="0.007">
    </testcase>
    <testcase classname="Icons rendering icon &quot;LogoutIcon&quot;" name="Icons rendering icon &quot;LogoutIcon&quot;" time="0.006">
    </testcase>
  </testsuite>
  <testsuite name="Footer" errors="0" failures="0" skipped="0" timestamp="2022-02-26T04:35:02" time="18.569" tests="1">
    <testcase classname="Footer renders content" name="Footer renders content" time="0.062">
    </testcase>
  </testsuite>
  <testsuite name="FormCloseButton" errors="0" failures="0" skipped="0" timestamp="2022-02-26T04:35:02" time="18.582" tests="4">
    <testcase classname="FormCloseButton renders" name="FormCloseButton renders" time="0.14">
    </testcase>
    <testcase classname="FormCloseButton calls onClose when clicked" name="FormCloseButton calls onClose when clicked" time="0.065">
    </testcase>
    <testcase classname="FormCloseButton calls onClose when escape is pressed" name="FormCloseButton calls onClose when escape is pressed" time="0.052">
    </testcase>
    <testcase classname="FormCloseButton doesn&apos;t call onClose if another key is pressed" name="FormCloseButton doesn&apos;t call onClose if another key is pressed" time="0.028">
    </testcase>
  </testsuite>
  <testsuite name="CodeBlock" errors="0" failures="0" skipped="0" timestamp="2022-02-26T04:35:02" time="18.631" tests="1">
    <testcase classname="CodeBlock renders lines)" name="CodeBlock renders lines)" time="0.099">
    </testcase>
  </testsuite>
  <testsuite name="SplitButton" errors="0" failures="0" skipped="0" timestamp="2022-02-26T04:35:02" time="18.657" tests="2">
    <testcase classname="SplitButton onClick is called when primary action is clicked" name="SplitButton onClick is called when primary action is clicked" time="0.154">
    </testcase>
    <testcase classname="SplitButton onClick is called when clicking option in pop-up" name="SplitButton onClick is called when clicking option in pop-up" time="0.293">
    </testcase>
  </testsuite>
  <testsuite name="CodeExample" errors="0" failures="0" skipped="0" timestamp="2022-02-26T04:35:02" time="18.697" tests="1">
    <testcase classname="CodeExample renders code" name="CodeExample renders code" time="0.135">
    </testcase>
  </testsuite>
  <testsuite name="CreateProjectForm" errors="0" failures="0" skipped="0" timestamp="2022-02-26T04:35:02" time="18.732" tests="1">
    <testcase classname="CreateProjectForm renders" name="CreateProjectForm renders" time="0.337">
    </testcase>
  </testsuite>
  <testsuite name="CreateWorkspaceForm" errors="0" failures="0" skipped="0" timestamp="2022-02-26T04:35:02" time="18.749" tests="1">
    <testcase classname="CreateWorkspaceForm renders" name="CreateWorkspaceForm renders" time="0.218">
    </testcase>
  </testsuite>
  <testsuite name="Header" errors="0" failures="0" skipped="0" timestamp="2022-02-26T04:35:02" time="18.785" tests="2">
    <testcase classname="Header renders title and subtitle" name="Header renders title and subtitle" time="0.073">
    </testcase>
    <testcase classname="Header renders button if specified" name="Header renders button if specified" time="0.141">
    </testcase>
  </testsuite>
  <testsuite name="Table" errors="0" failures="0" skipped="0" timestamp="2022-02-26T04:35:02" time="19.057" tests="3">
    <testcase classname="Table renders empty state if empty" name="Table renders empty state if empty" time="0.086">
    </testcase>
    <testcase classname="Table renders title" name="Table renders title" time="0.03">
    </testcase>
    <testcase classname="Table renders data fields with default renderer if none provided" name="Table renders data fields with default renderer if none provided" time="0.028">
    </testcase>
  </testsuite>
  <testsuite name="UserContext" errors="0" failures="0" skipped="0" timestamp="2022-02-26T04:35:02" time="19.127" tests="3">
    <testcase classname="UserContext shouldn&apos;t redirect if user fails to load and redirectOnFailure is false" name="UserContext shouldn&apos;t redirect if user fails to load and redirectOnFailure is false" time="0.037">
    </testcase>
    <testcase classname="UserContext should redirect if user fails to load and redirectOnFailure is true" name="UserContext should redirect if user fails to load and redirectOnFailure is true" time="0.055">
    </testcase>
    <testcase classname="UserContext should not redirect if user loads and redirectOnFailure is true" name="UserContext should not redirect if user loads and redirectOnFailure is true" time="0.007">
    </testcase>
  </testsuite>
  <testsuite name="SignInForm" errors="0" failures="0" skipped="0" timestamp="2022-02-26T04:35:02" time="19.801" tests="4">
    <testcase classname="SignInForm renders content" name="SignInForm renders content" time="0.159">
    </testcase>
    <testcase classname="SignInForm shows an error message if SignIn fails" name="SignInForm shows an error message if SignIn fails" time="0.168">
    </testcase>
    <testcase classname="SignInForm redirects when login is complete" name="SignInForm redirects when login is complete" time="0.127">
    </testcase>
    <testcase classname="SignInForm respects ?redirect query parameter when complete" name="SignInForm respects ?redirect query parameter when complete" time="0.12">
    </testcase>
  </testsuite>
  <testsuite name="Navbar" errors="0" failures="0" skipped="0" timestamp="2022-02-26T04:35:02" time="20.789" tests="2">
    <testcase classname="Navbar renders content" name="Navbar renders content" time="0.099">
    </testcase>
    <testcase classname="Navbar renders profile picture for user" name="Navbar renders profile picture for user" time="0.076">
    </testcase>
  </testsuite>
</testsuites>